<?xml version="1.0" encoding="UTF-8"?>
<!-- Generated by org.testng.reporters.JUnitXMLReporter -->
<testsuite hostname="192.168.1.6" name="TestCases" tests="5" failures="2" timestamp="21 Dec 2018 12:46:36 GMT" time="2.554" errors="0">
  <testcase name="test03" time="0.0" classname="TestDemo.MySeleniumTest1">
    <failure type="java.lang.AssertionError" message="expected [true] but found [false]">
      <![CDATA[java.lang.AssertionError: expected [true] but found [false]
	at TestDemo.MySeleniumTest1.test03(MySeleniumTest1.java:40)
	at TestDemo.RunTestNG.main(RunTestNG.java:28)
... Removed 25 stack frames]]>
    </failure>
  </testcase> <!-- test03 -->
  <testcase name="test05" time="0.001" classname="TestDemo.MySeleniumTest1">
    <failure type="java.lang.AssertionError" message="expected [true] but found [false]">
      <![CDATA[java.lang.AssertionError: expected [true] but found [false]
	at TestDemo.MySeleniumTest1.test05(MySeleniumTest1.java:51)
	at TestDemo.RunTestNG.main(RunTestNG.java:28)
... Removed 25 stack frames]]>
    </failure>
  </testcase> <!-- test05 -->
  <testcase name="testcase1" time="2.549" classname="TestDemo.MySeleniumTest1"/>
  <testcase name="testcase2" time="0.0" classname="TestDemo.MySeleniumTest1"/>
  <testcase name="test04" time="0.0" classname="TestDemo.MySeleniumTest1"/>
</testsuite> <!-- TestCases -->
